# FastCI Fix Run Log
# Model: Composer 1.5
# Duration: 10794 ms
# Cost: (not available in Cursor CLI stream-json output)

--- Log ---

Model: Composer 1.5






Reading /tmp/fastci-add-1956995263/.github/workflows/ci.yml…
Reading /tmp/fastci-add-1956995263/.github/workflows/fastci-agent.yaml…

Summarizing findings:
- `ci.yml`: both `lint-and-test` and `docker-build` already include FastCI — leave untouched.
- `fastci-agent.yaml`: `attempt-fix` job lacks FastCI — add the FastCI step as the first step.




Reading /tmp/fastci-add-1956995263/.github/workflows/fastci-agent.yaml…

Summary of changes:

**`.github/workflows/ci.yml`** – No edits. Both jobs (`lint-and-test` and `docker-build`) already use `jfrog-fastci/fastci@v0`.

**`.github/workflows/fastci-agent.yaml`** – Added the FastCI step as the first step in the `attempt-fix` job:

```yaml
      - name: Setup FastCI
        uses: jfrog-fastci/fastci@main
```

Existing formatting, indentation, and comments are unchanged.
Agent completed in 10794ms
